# JRE version: OpenJDK Runtime Environment Temurin-17.0.1+12 (17.0.1+12) (build 17.0.1+12)
# Java VM: OpenJDK 64-Bit Server VM Temurin-17.0.1+12 (17.0.1+12, mixed mode, emulated-client, tiered, compressed oops, compressed class ptrs, g1 gc, windows-amd64)
GC Precious Log:
 CPUs: 8 total, 8 available
 Memory: 16264M
 Large Page Support: Disabled
 NUMA Support: Disabled
 Compressed Oops: Enabled (Zero based)
 Heap Region Size: 2M
 Heap Min Capacity: 8M
 Heap Initial Capacity: 256M
 Heap Max Capacity: 4068M
 Pre-touch: Disabled
 Parallel Workers: 8
 Concurrent Workers: 2
 Concurrent Refinement Workers: 8
 Periodic GC: Disabled
Heap:
 garbage-first heap   total 96256K, used 74494K [0x0000000701c00000, 0x0000000800000000)
  region size 2048K, 21 young (43008K), 1 survivors (2048K)
 Metaspace       used 75033K, committed 75584K, reserved 1114112K
  class space    used 10072K, committed 10368K, reserved 1048576K
GC Heap History (20 events):
Event: 1040.333 GC heap before
{Heap before GC invocations=26 (full 1):
 garbage-first heap   total 96256K, used 72079K [0x0000000701c00000, 0x0000000800000000)
  region size 2048K, 24 young (49152K), 2 survivors (4096K)
 Metaspace       used 72467K, committed 72960K, reserved 1114112K
  class space    used 9801K, committed 10048K, reserved 1048576K
}
Event: 1040.336 GC heap after
{Heap after GC invocations=27 (full 1):
 garbage-first heap   total 96256K, used 29973K [0x0000000701c00000, 0x0000000800000000)
  region size 2048K, 1 young (2048K), 1 survivors (2048K)
 Metaspace       used 72467K, committed 72960K, reserved 1114112K
  class space    used 9801K, committed 10048K, reserved 1048576K
}
Event: 1040.809 GC heap before
{Heap before GC invocations=27 (full 1):
 garbage-first heap   total 96256K, used 75029K [0x0000000701c00000, 0x0000000800000000)
  region size 2048K, 23 young (47104K), 1 survivors (2048K)
 Metaspace       used 72829K, committed 73280K, reserved 1114112K
  class space    used 9834K, committed 10048K, reserved 1048576K
}
Event: 1040.812 GC heap after
{Heap after GC invocations=28 (full 1):
 garbage-first heap   total 96256K, used 31818K [0x0000000701c00000, 0x0000000800000000)
  region size 2048K, 2 young (4096K), 2 survivors (4096K)
 Metaspace       used 72829K, committed 73280K, reserved 1114112K
  class space    used 9834K, committed 10048K, reserved 1048576K
}
Event: 1041.138 GC heap before
{Heap before GC invocations=28 (full 1):
 garbage-first heap   total 96256K, used 72778K [0x0000000701c00000, 0x0000000800000000)
  region size 2048K, 22 young (45056K), 2 survivors (4096K)
 Metaspace       used 73294K, committed 73792K, reserved 1114112K
  class space    used 9887K, committed 10112K, reserved 1048576K
}
Event: 1041.144 GC heap after
{Heap after GC invocations=29 (full 1):
 garbage-first heap   total 96256K, used 34996K [0x0000000701c00000, 0x0000000800000000)
  region size 2048K, 3 young (6144K), 3 survivors (6144K)
 Metaspace       used 73294K, committed 73792K, reserved 1114112K
  class space    used 9887K, committed 10112K, reserved 1048576K
}
Event: 1079.845 GC heap before
{Heap before GC invocations=30 (full 1):
 garbage-first heap   total 96256K, used 71860K [0x0000000701c00000, 0x0000000800000000)
  region size 2048K, 22 young (45056K), 3 survivors (6144K)
 Metaspace       used 73470K, committed 74048K, reserved 1114112K
  class space    used 9903K, committed 10176K, reserved 1048576K
}
Event: 1079.850 GC heap after
{Heap after GC invocations=31 (full 1):
 garbage-first heap   total 96256K, used 36476K [0x0000000701c00000, 0x0000000800000000)
  region size 2048K, 2 young (4096K), 2 survivors (4096K)
 Metaspace       used 73470K, committed 74048K, reserved 1114112K
  class space    used 9903K, committed 10176K, reserved 1048576K
}
Event: 1226.328 GC heap before
{Heap before GC invocations=31 (full 1):
 garbage-first heap   total 96256K, used 65148K [0x0000000701c00000, 0x0000000800000000)
  region size 2048K, 18 young (36864K), 2 survivors (4096K)
 Metaspace       used 73923K, committed 74432K, reserved 1114112K
  class space    used 9964K, committed 10240K, reserved 1048576K
}
Event: 1226.368 GC heap after
{Heap after GC invocations=32 (full 2):
 garbage-first heap   total 96256K, used 28937K [0x0000000701c00000, 0x0000000800000000)
  region size 2048K, 0 young (0K), 0 survivors (0K)
 Metaspace       used 73917K, committed 74432K, reserved 1114112K
  class space    used 9963K, committed 10240K, reserved 1048576K
}
Event: 1234.260 GC heap before
{Heap before GC invocations=32 (full 2):
 garbage-first heap   total 96256K, used 69897K [0x0000000701c00000, 0x0000000800000000)
  region size 2048K, 21 young (43008K), 0 survivors (0K)
 Metaspace       used 74186K, committed 74688K, reserved 1114112K
  class space    used 10000K, committed 10240K, reserved 1048576K
}
Event: 1234.262 GC heap after
{Heap after GC invocations=33 (full 2):
 garbage-first heap   total 96256K, used 32007K [0x0000000701c00000, 0x0000000800000000)
  region size 2048K, 2 young (4096K), 2 survivors (4096K)
 Metaspace       used 74186K, committed 74688K, reserved 1114112K
  class space    used 10000K, committed 10240K, reserved 1048576K
}
Event: 1234.271 GC heap before
{Heap before GC invocations=33 (full 2):
 garbage-first heap   total 96256K, used 70919K [0x0000000701c00000, 0x0000000800000000)
  region size 2048K, 22 young (45056K), 2 survivors (4096K)
 Metaspace       used 74186K, committed 74688K, reserved 1114112K
  class space    used 10000K, committed 10240K, reserved 1048576K
}
Event: 1234.274 GC heap after
{Heap after GC invocations=34 (full 2):
 garbage-first heap   total 96256K, used 32110K [0x0000000701c00000, 0x0000000800000000)
  region size 2048K, 2 young (4096K), 2 survivors (4096K)
 Metaspace       used 74186K, committed 74688K, reserved 1114112K
  class space    used 10000K, committed 10240K, reserved 1048576K
}
Event: 1234.865 GC heap before
{Heap before GC invocations=35 (full 2):
 garbage-first heap   total 96256K, used 71022K [0x0000000701c00000, 0x0000000800000000)
  region size 2048K, 22 young (45056K), 2 survivors (4096K)
 Metaspace       used 74329K, committed 74880K, reserved 1114112K
  class space    used 10008K, committed 10304K, reserved 1048576K
}
Event: 1234.868 GC heap after
{Heap after GC invocations=36 (full 2):
 garbage-first heap   total 96256K, used 34112K [0x0000000701c00000, 0x0000000800000000)
  region size 2048K, 3 young (6144K), 3 survivors (6144K)
 Metaspace       used 74329K, committed 74880K, reserved 1114112K
  class space    used 10008K, committed 10304K, reserved 1048576K
}
Event: 1234.875 GC heap before
{Heap before GC invocations=36 (full 2):
 garbage-first heap   total 96256K, used 36160K [0x0000000701c00000, 0x0000000800000000)
  region size 2048K, 4 young (8192K), 3 survivors (6144K)
 Metaspace       used 74344K, committed 74880K, reserved 1114112K
  class space    used 10008K, committed 10304K, reserved 1048576K
}
Event: 1234.878 GC heap after
{Heap after GC invocations=37 (full 2):
 garbage-first heap   total 96256K, used 34449K [0x0000000701c00000, 0x0000000800000000)
  region size 2048K, 1 young (2048K), 1 survivors (2048K)
 Metaspace       used 74344K, committed 74880K, reserved 1114112K
  class space    used 10008K, committed 10304K, reserved 1048576K
}
Event: 1235.046 GC heap before
{Heap before GC invocations=37 (full 2):
 garbage-first heap   total 96256K, used 73361K [0x0000000701c00000, 0x0000000800000000)
  region size 2048K, 20 young (40960K), 1 survivors (2048K)
 Metaspace       used 74789K, committed 75328K, reserved 1114112K
  class space    used 10041K, committed 10304K, reserved 1048576K
}
Event: 1235.048 GC heap after
{Heap after GC invocations=38 (full 2):
 garbage-first heap   total 96256K, used 35582K [0x0000000701c00000, 0x0000000800000000)
  region size 2048K, 1 young (2048K), 1 survivors (2048K)
 Metaspace       used 74789K, committed 75328K, reserved 1114112K
  class space    used 10041K, committed 10304K, reserved 1048576K
}

